<?xml version="1.0" encoding="UTF-8"?>
<!-- Generated by org.testng.reporters.JUnitReportReporter -->
<testsuite skipped="0" hostname="DESKTOP-7G97FLI" name="test.day2" tests="3" failures="0" timestamp="2020-05-14T11:14:22 IST" time="0.017" errors="0">
  <testcase name="homeloan" time="0.006" classname="test.day2"/>
  <system-out/>
  <testcase name="PersonaLoan" time="0.002" classname="test.day2"/>
  <system-out/>
  <testcase name="CarLoan" time="0.009" classname="test.day2"/>
  <system-out/>
</testsuite> <!-- test.day2 -->
