<?xml version="1.0" encoding="UTF-8"?>
<!-- Generated by org.testng.reporters.JUnitReportReporter -->
<testsuite skipped="0" hostname="DESKTOP-7G97FLI" name="test.day1" tests="1" failures="0" timestamp="2020-05-12T12:28:24 IST" time="0.012" errors="0">
  <testcase name="demo" time="0.012" classname="test.day1"/>
  <system-out/>
</testsuite> <!-- test.day1 -->
