<?xml version="1.0" encoding="UTF-8"?>
<!-- Generated by org.testng.reporters.JUnitReportReporter -->
<testsuite skipped="0" hostname="DESKTOP-7G97FLI" name="test.day1" tests="1" failures="0" timestamp="2020-05-11T11:59:05 IST" time="0.002" errors="0">
  <testcase name="demo2" time="0.002" classname="test.day1"/>
  <system-out/>
</testsuite> <!-- test.day1 -->
