<?xml version="1.0" encoding="UTF-8"?>
<!-- Generated by org.testng.reporters.JUnitReportReporter -->
<testsuite skipped="0" hostname="DESKTOP-7G97FLI" name="test.day1" tests="3" failures="0" timestamp="2020-05-14T11:14:22 IST" time="0.009" errors="0">
  <testcase name="demo2" time="0.006" classname="test.day1"/>
  <system-out/>
  <testcase name="demo2" time="0.002" classname="test.day1"/>
  <system-out/>
  <testcase name="demo2" time="0.001" classname="test.day1"/>
  <system-out/>
</testsuite> <!-- test.day1 -->
