<?xml version="1.0" encoding="UTF-8"?>
<!-- Generated by org.testng.reporters.JUnitReportReporter -->
<testsuite skipped="0" hostname="DESKTOP-7G97FLI" name="test.day2" tests="2" failures="0" timestamp="2020-05-11T11:59:05 IST" time="0.015" errors="0">
  <testcase name="PersonaLoan" time="0.004" classname="test.day2"/>
  <system-out/>
  <testcase name="CarLoan" time="0.011" classname="test.day2"/>
  <system-out/>
</testsuite> <!-- test.day2 -->
